{"seq_id":1,"worker_id":2,"ts_ns":1773311410261785000,"op_type":"rng","key":"key-0074","status_code":200,"node_id":"node1","class":"ok"}
{"seq_id":2,"worker_id":2,"ts_ns":1773311410263343704,"op_type":"rng","key":"key-0001","status_code":200,"result_rev":1,"raft_index":5,"raft_term":2,"node_id":"node1","class":"ok"}
{"seq_id":3,"worker_id":0,"ts_ns":1773311410263381669,"op_type":"put","key":"key-0066","value":"EgpyNaWfJyg=","status_code":200,"result_rev":1,"raft_index":5,"raft_term":2,"node_id":"node1","class":"ok"}
{"seq_id":4,"worker_id":4,"ts_ns":1773311410265361045,"op_type":"put","key":"key-0009","value":"lZQUWkHvox0=","status_code":200,"result_rev":2,"raft_index":6,"raft_term":2,"node_id":"node1","class":"ok"}
{"seq_id":5,"worker_id":3,"ts_ns":1773311410266918505,"op_type":"del","key":"key-0033","status_code":200,"result_rev":2,"raft_index":7,"raft_term":2,"node_id":"node1","class":"ok"}
{"seq_id":6,"worker_id":0,"ts_ns":1773311410267889829,"op_type":"rng","key":"key-0045","status_code":200,"result_rev":2,"raft_index":7,"raft_term":2,"node_id":"node1","class":"ok"}
{"seq_id":7,"worker_id":4,"ts_ns":1773311410267891601,"op_type":"rng","key":"key-0056","status_code":200,"result_rev":2,"raft_index":7,"raft_term":2,"node_id":"node1","class":"ok"}
{"seq_id":8,"worker_id":3,"ts_ns":1773311410267958603,"op_type":"rng","key":"key-0074","status_code":200,"result_rev":2,"raft_index":7,"raft_term":2,"node_id":"node1","class":"ok"}
{"seq_id":9,"worker_id":1,"ts_ns":1773311410270311669,"op_type":"put","key":"key-0062","value":"zR6o+HcuPwY=","status_code":200,"result_rev":3,"raft_index":8,"raft_term":2,"node_id":"node1","class":"ok"}
{"seq_id":10,"worker_id":4,"ts_ns":1773311410278190908,"op_type":"rng","key":"key-0028","status_code":200,"result_rev":3,"raft_index":8,"raft_term":2,"node_id":"node1","class":"ok"}
{"seq_id":11,"worker_id":2,"ts_ns":1773311410282416688,"op_type":"put","key":"key-0059","value":"1It6pCaX00A=","status_code":200,"result_rev":4,"raft_index":9,"raft_term":2,"node_id":"node1","class":"ok"}
{"seq_id":12,"worker_id":1,"ts_ns":1773311410282496805,"op_type":"rng","key":"key-0095","status_code":200,"result_rev":4,"raft_index":9,"raft_term":2,"node_id":"node1","class":"ok"}
{"seq_id":13,"worker_id":0,"ts_ns":1773311410285857108,"op_type":"put","key":"key-0003","value":"EAvD5gWQpJw=","status_code":200,"result_rev":5,"raft_index":10,"raft_term":2,"node_id":"node1","class":"ok"}
{"seq_id":14,"worker_id":3,"ts_ns":1773311410292799244,"op_type":"put","key":"key-0011","value":"CGTkIPlwuMY=","status_code":200,"result_rev":6,"raft_index":11,"raft_term":2,"node_id":"node1","class":"ok"}
{"seq_id":15,"worker_id":4,"ts_ns":1773311410294081164,"op_type":"put","key":"key-0095","value":"NZVRcuGuyCA=","status_code":200,"result_rev":7,"raft_index":12,"raft_term":2,"node_id":"node1","class":"ok"}
{"seq_id":16,"worker_id":2,"ts_ns":1773311410296046214,"op_type":"put","key":"key-0004","value":"E6NTjs2IMLk=","status_code":200,"result_rev":8,"raft_index":13,"raft_term":2,"node_id":"node1","class":"ok"}
{"seq_id":17,"worker_id":2,"ts_ns":1773311410302919736,"op_type":"rng","key":"key-0068","status_code":200,"result_rev":9,"raft_index":14,"raft_term":2,"node_id":"node1","class":"ok"}
{"seq_id":18,"worker_id":1,"ts_ns":1773311410302959279,"op_type":"put","key":"key-0009","value":"KIrh4kNLKkw=","status_code":200,"result_rev":9,"raft_index":14,"raft_term":2,"node_id":"node1","class":"ok"}
{"seq_id":19,"worker_id":0,"ts_ns":1773311410304829001,"op_type":"put","key":"key-0057","value":"y0FZ2N0dqxM=","status_code":200,"result_rev":10,"raft_index":15,"raft_term":2,"node_id":"node1","class":"ok"}
{"seq_id":20,"worker_id":0,"ts_ns":1773311410308627216,"op_type":"rng","key":"key-0094","status_code":200,"result_rev":10,"raft_index":15,"raft_term":2,"node_id":"node1","class":"ok"}
{"seq_id":21,"worker_id":3,"ts_ns":1773311410312817517,"op_type":"put","key":"key-0083","value":"vYz1iwzckho=","status_code":200,"result_rev":11,"raft_index":16,"raft_term":2,"node_id":"node1","class":"ok"}
{"seq_id":22,"worker_id":4,"ts_ns":1773311410319333291,"op_type":"put","key":"key-0053","value":"p0YH+L0ovrg=","status_code":200,"result_rev":12,"raft_index":17,"raft_term":2,"node_id":"node1","class":"ok"}
{"seq_id":23,"worker_id":2,"ts_ns":1773311410327629943,"op_type":"put","key":"key-0056","value":"mB6SDViFZhI=","status_code":200,"result_rev":13,"raft_index":18,"raft_term":2,"node_id":"node1","class":"ok"}
{"seq_id":24,"worker_id":1,"ts_ns":1773311410330671461,"op_type":"put","key":"key-0071","value":"E/sZJqTbh5Y=","status_code":200,"result_rev":14,"raft_index":19,"raft_term":2,"node_id":"node1","class":"ok"}
{"seq_id":25,"worker_id":0,"ts_ns":1773311410333486093,"op_type":"put","key":"key-0024","value":"LCTvjNHoRC4=","status_code":200,"result_rev":15,"raft_index":20,"raft_term":2,"node_id":"node1","class":"ok"}
{"seq_id":26,"worker_id":3,"ts_ns":1773311410335076741,"op_type":"del","key":"key-0076","status_code":200,"result_rev":15,"raft_index":21,"raft_term":2,"node_id":"node1","class":"ok"}
{"seq_id":27,"worker_id":4,"ts_ns":1773311410337623916,"op_type":"put","key":"key-0037","value":"57kyAE+dUpo=","status_code":200,"result_rev":16,"raft_index":22,"raft_term":2,"node_id":"node1","class":"ok"}
{"seq_id":28,"worker_id":2,"ts_ns":1773311410346580100,"op_type":"del","key":"key-0013","status_code":200,"result_rev":16,"raft_index":23,"raft_term":2,"node_id":"node1","class":"ok"}
{"seq_id":29,"worker_id":2,"ts_ns":1773311410348157671,"op_type":"rng","key":"key-0003","status_code":200,"result_rev":17,"raft_index":24,"raft_term":2,"node_id":"node1","class":"ok"}
{"seq_id":30,"worker_id":1,"ts_ns":1773311410348192009,"op_type":"put","key":"key-0087","value":"VMAHWd2fh2Y=","status_code":200,"result_rev":17,"raft_index":24,"raft_term":2,"node_id":"node1","class":"ok"}
{"seq_id":31,"worker_id":2,"ts_ns":1773311410350412842,"op_type":"rng","key":"key-0022","status_code":200,"result_rev":18,"raft_index":25,"raft_term":2,"node_id":"node1","class":"ok"}
{"seq_id":32,"worker_id":0,"ts_ns":1773311410350445391,"op_type":"put","key":"key-0080","value":"exDJyvyCKSk=","status_code":200,"result_rev":18,"raft_index":25,"raft_term":2,"node_id":"node1","class":"ok"}
{"seq_id":33,"worker_id":3,"ts_ns":1773311410352082223,"op_type":"put","key":"key-0008","value":"GDf+rklgHsU=","status_code":200,"result_rev":19,"raft_index":26,"raft_term":2,"node_id":"node1","class":"ok"}
{"seq_id":34,"worker_id":4,"ts_ns":1773311410354039300,"op_type":"put","key":"key-0038","value":"tEvjVQiNtxA=","status_code":200,"result_rev":20,"raft_index":27,"raft_term":2,"node_id":"node1","class":"ok"}
{"seq_id":35,"worker_id":2,"ts_ns":1773311410354156811,"op_type":"rng","key":"key-0034","status_code":200,"result_rev":20,"raft_index":27,"raft_term":2,"node_id":"node1","class":"ok"}
{"seq_id":36,"worker_id":2,"ts_ns":1773311410360470150,"op_type":"rng","key":"key-0036","status_code":200,"result_rev":21,"raft_index":28,"raft_term":2,"node_id":"node1","class":"ok"}
{"seq_id":38,"worker_id":1,"ts_ns":1773311410360646469,"op_type":"put","key":"key-0095","value":"XVD0ZXQXHPk=","status_code":200,"result_rev":21,"raft_index":28,"raft_term":2,"node_id":"node1","class":"ok"}
{"seq_id":37,"worker_id":4,"ts_ns":1773311410360530350,"op_type":"rng","key":"key-0096","status_code":200,"result_rev":21,"raft_index":28,"raft_term":2,"node_id":"node1","class":"ok"}
{"seq_id":39,"worker_id":0,"ts_ns":1773311410363791812,"op_type":"put","key":"key-0031","value":"1H9ayjnfwSE=","status_code":200,"result_rev":22,"raft_index":29,"raft_term":2,"node_id":"node1","class":"ok"}
{"seq_id":40,"worker_id":1,"ts_ns":1773311410367495729,"op_type":"rng","key":"key-0075","status_code":200,"result_rev":23,"raft_index":30,"raft_term":2,"node_id":"node1","class":"ok"}
{"seq_id":41,"worker_id":3,"ts_ns":1773311410367608551,"op_type":"put","key":"key-0044","value":"spp6TJQqpgs=","status_code":200,"result_rev":23,"raft_index":30,"raft_term":2,"node_id":"node1","class":"ok"}
{"seq_id":42,"worker_id":0,"ts_ns":1773311410367609108,"op_type":"rng","key":"key-0027","status_code":200,"result_rev":23,"raft_index":30,"raft_term":2,"node_id":"node1","class":"ok"}
{"seq_id":43,"worker_id":4,"ts_ns":1773311410367628694,"op_type":"rng","key":"key-0009","status_code":200,"result_rev":23,"raft_index":30,"raft_term":2,"node_id":"node1","class":"ok"}
{"seq_id":44,"worker_id":2,"ts_ns":1773311410369617192,"op_type":"put","key":"key-0066","value":"FQRtSQAWJ2w=","status_code":200,"result_rev":24,"raft_index":31,"raft_term":2,"node_id":"node1","class":"ok"}
{"seq_id":45,"worker_id":4,"ts_ns":1773311410373471410,"op_type":"rng","key":"key-0076","status_code":200,"result_rev":24,"raft_index":31,"raft_term":2,"node_id":"node1","class":"ok"}
{"seq_id":46,"worker_id":0,"ts_ns":1773311410373474331,"op_type":"rng","key":"key-0083","status_code":200,"result_rev":24,"raft_index":31,"raft_term":2,"node_id":"node1","class":"ok"}
{"seq_id":47,"worker_id":3,"ts_ns":1773311410373501684,"op_type":"rng","key":"key-0074","status_code":200,"result_rev":24,"raft_index":31,"raft_term":2,"node_id":"node1","class":"ok"}
{"seq_id":48,"worker_id":4,"ts_ns":1773311410374246955,"op_type":"rng","key":"key-0089","status_code":200,"result_rev":24,"raft_index":31,"raft_term":2,"node_id":"node1","class":"ok"}
{"seq_id":49,"worker_id":1,"ts_ns":1773311410379435825,"op_type":"put","key":"key-0004","value":"6/ayvFHFqx0=","status_code":200,"result_rev":25,"raft_index":32,"raft_term":2,"node_id":"node1","class":"ok"}
{"seq_id":50,"worker_id":1,"ts_ns":1773311410381963602,"op_type":"rng","key":"key-0000","status_code":200,"result_rev":25,"raft_index":32,"raft_term":2,"node_id":"node1","class":"ok"}
{"seq_id":51,"worker_id":3,"ts_ns":1773311410381979777,"op_type":"rng","key":"key-0075","status_code":200,"result_rev":25,"raft_index":32,"raft_term":2,"node_id":"node1","class":"ok"}
{"seq_id":52,"worker_id":2,"ts_ns":1773311410383894218,"op_type":"put","key":"key-0004","value":"Ze00x1yOCvA=","status_code":200,"result_rev":26,"raft_index":33,"raft_term":2,"node_id":"node1","class":"ok"}
{"seq_id":53,"worker_id":0,"ts_ns":1773311410389052007,"op_type":"put","key":"key-0060","value":"1KNYP2lwXz4=","status_code":200,"result_rev":27,"raft_index":34,"raft_term":2,"node_id":"node1","class":"ok"}
{"seq_id":54,"worker_id":4,"ts_ns":1773311410390741981,"op_type":"put","key":"key-0025","value":"46qpS+mbPWY=","status_code":200,"result_rev":28,"raft_index":35,"raft_term":2,"node_id":"node1","class":"ok"}
{"seq_id":55,"worker_id":0,"ts_ns":1773311410390816528,"op_type":"rng","key":"key-0053","status_code":200,"result_rev":28,"raft_index":36,"raft_term":2,"node_id":"node1","class":"ok"}
{"seq_id":56,"worker_id":2,"ts_ns":1773311410390826409,"op_type":"rng","key":"key-0036","status_code":200,"result_rev":28,"raft_index":35,"raft_term":2,"node_id":"node1","class":"ok"}
{"seq_id":57,"worker_id":1,"ts_ns":1773311410394257975,"op_type":"del","key":"key-0091","status_code":200,"result_rev":28,"raft_index":36,"raft_term":2,"node_id":"node1","class":"ok"}
{"seq_id":58,"worker_id":4,"ts_ns":1773311410396999676,"op_type":"rng","key":"key-0004","status_code":200,"result_rev":28,"raft_index":36,"raft_term":2,"node_id":"node1","class":"ok"}
{"seq_id":59,"worker_id":2,"ts_ns":1773311410397318933,"op_type":"rng","key":"key-0016","status_code":200,"result_rev":28,"raft_index":36,"raft_term":2,"node_id":"node1","class":"ok"}
{"seq_id":60,"worker_id":2,"ts_ns":1773311410398758214,"op_type":"rng","key":"key-0016","status_code":200,"result_rev":29,"raft_index":37,"raft_term":2,"node_id":"node1","class":"ok"}
{"seq_id":61,"worker_id":4,"ts_ns":1773311410398798041,"op_type":"rng","key":"key-0040","status_code":200,"result_rev":29,"raft_index":37,"raft_term":2,"node_id":"node1","class":"ok"}
{"seq_id":62,"worker_id":3,"ts_ns":1773311410398826544,"op_type":"put","key":"key-0000","value":"zzdfNgtXRbY=","status_code":200,"result_rev":29,"raft_index":37,"raft_term":2,"node_id":"node1","class":"ok"}
{"seq_id":63,"worker_id":4,"ts_ns":1773311410401418538,"op_type":"rng","key":"key-0064","status_code":200,"result_rev":30,"raft_index":38,"raft_term":2,"node_id":"node1","class":"ok"}
{"seq_id":64,"worker_id":0,"ts_ns":1773311410401484514,"op_type":"put","key":"key-0086","value":"Nou8OHErfOw=","status_code":200,"result_rev":30,"raft_index":38,"raft_term":2,"node_id":"node1","class":"ok"}
{"seq_id":65,"worker_id":3,"ts_ns":1773311410401498873,"op_type":"rng","key":"key-0003","status_code":200,"result_rev":30,"raft_index":39,"raft_term":2,"node_id":"node1","class":"ok"}
{"seq_id":66,"worker_id":2,"ts_ns":1773311410401542110,"op_type":"rng","key":"key-0083","status_code":200,"result_rev":30,"raft_index":38,"raft_term":2,"node_id":"node1","class":"ok"}
{"seq_id":67,"worker_id":1,"ts_ns":1773311410403501463,"op_type":"del","key":"key-0055","status_code":200,"result_rev":30,"raft_index":39,"raft_term":2,"node_id":"node1","class":"ok"}
{"seq_id":68,"worker_id":1,"ts_ns":1773311410406018780,"op_type":"rng","key":"key-0057","status_code":200,"result_rev":30,"raft_index":39,"raft_term":2,"node_id":"node1","class":"ok"}
{"seq_id":69,"worker_id":0,"ts_ns":1773311410406049291,"op_type":"rng","key":"key-0028","status_code":200,"result_rev":30,"raft_index":39,"raft_term":2,"node_id":"node1","class":"ok"}
{"seq_id":70,"worker_id":3,"ts_ns":1773311410406121896,"op_type":"rng","key":"key-0009","status_code":200,"result_rev":30,"raft_index":39,"raft_term":2,"node_id":"node1","class":"ok"}
{"seq_id":71,"worker_id":4,"ts_ns":1773311410414605016,"op_type":"put","key":"key-0061","value":"VI6JeVLfbrk=","status_code":200,"result_rev":31,"raft_index":40,"raft_term":2,"node_id":"node1","class":"ok"}
{"seq_id":72,"worker_id":4,"ts_ns":1773311410417053970,"op_type":"rng","key":"key-0057","status_code":200,"result_rev":32,"raft_index":41,"raft_term":2,"node_id":"node1","class":"ok"}
{"seq_id":73,"worker_id":2,"ts_ns":1773311410417105792,"op_type":"put","key":"key-0077","value":"IKQYKRp4VNU=","status_code":200,"result_rev":32,"raft_index":41,"raft_term":2,"node_id":"node1","class":"ok"}
{"seq_id":74,"worker_id":4,"ts_ns":1773311410419570372,"op_type":"rng","key":"key-0065","status_code":200,"result_rev":33,"raft_index":42,"raft_term":2,"node_id":"node1","class":"ok"}
{"seq_id":75,"worker_id":1,"ts_ns":1773311410419644633,"op_type":"put","key":"key-0094","value":"3HuRdGhZV80=","status_code":200,"result_rev":33,"raft_index":42,"raft_term":2,"node_id":"node1","class":"ok"}
{"seq_id":76,"worker_id":0,"ts_ns":1773311410421288662,"op_type":"put","key":"key-0005","value":"/a7ItY5JP+g=","status_code":200,"result_rev":34,"raft_index":43,"raft_term":2,"node_id":"node1","class":"ok"}
{"seq_id":77,"worker_id":3,"ts_ns":1773311410422822703,"op_type":"put","key":"key-0006","value":"5pPYA6DL3T8=","status_code":200,"result_rev":35,"raft_index":44,"raft_term":2,"node_id":"node1","class":"ok"}
{"seq_id":78,"worker_id":4,"ts_ns":1773311410423933467,"op_type":"rng","key":"key-0064","status_code":200,"result_rev":35,"raft_index":44,"raft_term":2,"node_id":"node1","class":"ok"}
{"seq_id":79,"worker_id":0,"ts_ns":1773311410436110196,"op_type":"rng","key":"key-0043","status_code":200,"result_rev":35,"raft_index":44,"raft_term":2,"node_id":"node1","class":"ok"}
{"seq_id":80,"worker_id":2,"ts_ns":1773311410438458204,"op_type":"put","key":"key-0096","value":"93P7H8LZFBw=","status_code":200,"result_rev":36,"raft_index":45,"raft_term":2,"node_id":"node1","class":"ok"}
{"seq_id":81,"worker_id":1,"ts_ns":1773311410440220201,"op_type":"put","key":"key-0058","value":"j/IPzetnP7I=","status_code":200,"result_rev":37,"raft_index":46,"raft_term":2,"node_id":"node1","class":"ok"}
{"seq_id":82,"worker_id":3,"ts_ns":1773311410441796609,"op_type":"put","key":"key-0096","value":"rIAdC8c3Sm8=","status_code":200,"result_rev":38,"raft_index":47,"raft_term":2,"node_id":"node1","class":"ok"}
{"seq_id":83,"worker_id":4,"ts_ns":1773311410452096150,"op_type":"put","key":"key-0093","value":"VV+1w2IRhdI=","status_code":200,"result_rev":39,"raft_index":48,"raft_term":2,"node_id":"node1","class":"ok"}
{"seq_id":84,"worker_id":0,"ts_ns":1773311410454198719,"op_type":"put","key":"key-0047","value":"hK85A0CbT3c=","status_code":200,"result_rev":40,"raft_index":49,"raft_term":2,"node_id":"node1","class":"ok"}
{"seq_id":85,"worker_id":0,"ts_ns":1773311410456274413,"op_type":"rng","key":"key-0021","status_code":200,"result_rev":41,"raft_index":50,"raft_term":2,"node_id":"node1","class":"ok"}
{"seq_id":86,"worker_id":2,"ts_ns":1773311410456341891,"op_type":"put","key":"key-0013","value":"GjKfQDlBce0=","status_code":200,"result_rev":41,"raft_index":50,"raft_term":2,"node_id":"node1","class":"ok"}
{"seq_id":87,"worker_id":0,"ts_ns":1773311410458310569,"op_type":"rng","key":"key-0010","status_code":200,"result_rev":42,"raft_index":51,"raft_term":2,"node_id":"node1","class":"ok"}
{"seq_id":88,"worker_id":1,"ts_ns":1773311410458417492,"op_type":"put","key":"key-0088","value":"KIVXaguHfLM=","status_code":200,"result_rev":42,"raft_index":51,"raft_term":2,"node_id":"node1","class":"ok"}
{"seq_id":89,"worker_id":3,"ts_ns":1773311410461434185,"op_type":"del","key":"key-0060","status_code":200,"result_rev":43,"raft_index":52,"raft_term":2,"node_id":"node1","class":"ok"}
{"seq_id":90,"worker_id":0,"ts_ns":1773311410468160606,"op_type":"put","key":"key-0082","value":"sdtoLnxLGUM=","status_code":200,"result_rev":44,"raft_index":53,"raft_term":2,"node_id":"node1","class":"ok"}
{"seq_id":91,"worker_id":3,"ts_ns":1773311410468261854,"op_type":"rng","key":"key-0046","status_code":200,"result_rev":44,"raft_index":53,"raft_term":2,"node_id":"node1","class":"ok"}
{"seq_id":92,"worker_id":3,"ts_ns":1773311410469100418,"op_type":"rng","key":"key-0025","status_code":200,"result_rev":44,"raft_index":53,"raft_term":2,"node_id":"node1","class":"ok"}
{"seq_id":93,"worker_id":1,"ts_ns":1773311410472076951,"op_type":"put","key":"key-0071","value":"Hqp3HSYs1hM=","status_code":200,"result_rev":45,"raft_index":54,"raft_term":2,"node_id":"node1","class":"ok"}
{"seq_id":94,"worker_id":1,"ts_ns":1773311410472759128,"op_type":"rng","key":"key-0046","status_code":200,"result_rev":45,"raft_index":54,"raft_term":2,"node_id":"node1","class":"ok"}
{"seq_id":95,"worker_id":1,"ts_ns":1773311410473406546,"op_type":"rng","key":"key-0091","status_code":200,"result_rev":45,"raft_index":54,"raft_term":2,"node_id":"node1","class":"ok"}
{"seq_id":96,"worker_id":3,"ts_ns":1773311410475544924,"op_type":"put","key":"key-0083","value":"ado5ORKKM7Y=","status_code":200,"result_rev":46,"raft_index":55,"raft_term":2,"node_id":"node1","class":"ok"}
{"seq_id":97,"worker_id":1,"ts_ns":1773311410483316026,"op_type":"del","key":"key-0023","status_code":200,"result_rev":46,"raft_index":56,"raft_term":2,"node_id":"node1","class":"ok"}
{"seq_id":98,"worker_id":3,"ts_ns":1773311410486324238,"op_type":"put","key":"key-0066","value":"pBG+jnE9MQQ=","status_code":200,"result_rev":47,"raft_index":57,"raft_term":2,"node_id":"node1","class":"ok"}
{"seq_id":99,"worker_id":3,"ts_ns":1773311410487698973,"op_type":"rng","key":"key-0088","status_code":200,"result_rev":47,"raft_index":57,"raft_term":2,"node_id":"node1","class":"ok"}
{"seq_id":100,"worker_id":1,"ts_ns":1773311410492326313,"op_type":"put","key":"key-0066","value":"SANacqKSdYk=","status_code":200,"result_rev":48,"raft_index":58,"raft_term":2,"node_id":"node1","class":"ok"}
